<?xml version="1.0" encoding="UTF-8"?>
<testng-results ignored="0" total="2" passed="2" failed="0" skipped="0">
  <reporter-output>
  </reporter-output>
  <suite started-at="2021-07-13T21:34:47 IST" name="Suite" finished-at="2021-07-13T21:35:01 IST" duration-ms="14792">
    <groups>
    </groups>
    <test started-at="2021-07-13T21:34:47 IST" name="Test" finished-at="2021-07-13T21:35:01 IST" duration-ms="14792">
      <class name="allTestClass.VerifyLoginFunc">
        <test-method is-config="true" signature="login()[pri:0, instance:allTestClass.VerifyLoginFunc@2928854b]" started-at="2021-07-13T21:34:47 IST" name="login" finished-at="2021-07-13T21:34:53 IST" duration-ms="6050" status="PASS">
          <reporter-output>
          </reporter-output>
        </test-method> <!-- login -->
        <test-method signature="VerifyLogin(java.lang.String,java.lang.String)[pri:0, instance:allTestClass.VerifyLoginFunc@2928854b]" started-at="2021-07-13T21:34:53 IST" name="VerifyLogin" data-provider="getData" finished-at="2021-07-13T21:34:55 IST" duration-ms="1871" status="PASS">
          <params>
            <param index="0">
              <value>
                <![CDATA[mngr340304]]>
              </value>
            </param>
            <param index="1">
              <value>
                <![CDATA[arUgEry]]>
              </value>
            </param>
          </params>
          <reporter-output>
          </reporter-output>
        </test-method> <!-- VerifyLogin -->
        <test-method signature="addAcverify(java.lang.String,java.lang.String)[pri:0, instance:allTestClass.VerifyLoginFunc@2928854b]" started-at="2021-07-13T21:34:55 IST" name="addAcverify" data-provider="getData1" finished-at="2021-07-13T21:34:57 IST" duration-ms="2401" status="PASS">
          <params>
            <param index="0">
              <value>
                <![CDATA[84579]]>
              </value>
            </param>
            <param index="1">
              <value>
                <![CDATA[1500]]>
              </value>
            </param>
          </params>
          <reporter-output>
          </reporter-output>
        </test-method> <!-- addAcverify -->
        <test-method is-config="true" signature="teardown()[pri:0, instance:allTestClass.VerifyLoginFunc@2928854b]" started-at="2021-07-13T21:34:57 IST" name="teardown" finished-at="2021-07-13T21:35:01 IST" duration-ms="4411" status="PASS">
          <reporter-output>
          </reporter-output>
        </test-method> <!-- teardown -->
      </class> <!-- allTestClass.VerifyLoginFunc -->
    </test> <!-- Test -->
  </suite> <!-- Suite -->
</testng-results>
